<?xml version="1.0" encoding="UTF-8"?>
<testng-results ignored="0" total="1" passed="1" failed="0" skipped="0">
  <reporter-output>
  </reporter-output>
  <suite started-at="2023-10-27T16:56:25 IST" name="Default suite" finished-at="2023-10-27T16:56:50 IST" duration-ms="24343">
    <groups>
    </groups>
    <test started-at="2023-10-27T16:56:25 IST" name="Default test" finished-at="2023-10-27T16:56:50 IST" duration-ms="24343">
      <class name="maven_test.Naukri_test">
        <test-method is-config="true" signature="setup()[pri:0, instance:maven_test.Naukri_test@55fe41ea]" started-at="2023-10-27T16:56:25 IST" name="setup" finished-at="2023-10-27T16:56:28 IST" duration-ms="2756" status="PASS">
          <reporter-output>
          </reporter-output>
        </test-method> <!-- setup -->
        <test-method is-config="true" signature="url()[pri:0, instance:maven_test.Naukri_test@55fe41ea]" started-at="2023-10-27T16:56:28 IST" name="url" finished-at="2023-10-27T16:56:33 IST" duration-ms="4954" status="PASS">
          <reporter-output>
          </reporter-output>
        </test-method> <!-- url -->
        <test-method signature="test()[pri:0, instance:maven_test.Naukri_test@55fe41ea]" started-at="2023-10-27T16:56:33 IST" name="test" finished-at="2023-10-27T16:56:50 IST" duration-ms="16549" status="PASS">
          <reporter-output>
          </reporter-output>
        </test-method> <!-- test -->
      </class> <!-- maven_test.Naukri_test -->
    </test> <!-- Default test -->
  </suite> <!-- Default suite -->
</testng-results>
